<?xml version="1.0" encoding="UTF-8"?>
<robot generator="Robot 6.0.2 (Python 3.10.6 on linux)" generated="20230612 14:55:00.421" rpa="false" schemaversion="3">
<suite id="s1" name="Test" source="/home/deilan/Desktop/RF-exercise/besquare_2023/test.robot">
<test id="s1-t1" name="Check Traders Menu" line="45">
<kw name="Go To Homepage">
<kw name="Chrome Headless">
<kw name="Set Chrome Options">
<var>${chrome_options}</var>
<doc>Set Chrome options for headless mode</doc>
<kw name="Evaluate" library="BuiltIn">
<var>${options}</var>
<arg>sys.modules['selenium.webdriver'].ChromeOptions()</arg>
<arg>sys, selenium.webdriver</arg>
<doc>Evaluates the given expression in Python and returns the result.</doc>
<msg timestamp="20230612 14:55:00.531" level="INFO">${options} = &lt;selenium.webdriver.chrome.options.Options object at 0x7f7796b5a440&gt;</msg>
<status status="PASS" starttime="20230612 14:55:00.531" endtime="20230612 14:55:00.531"/>
</kw>
<for flavor="IN">
<var>${option}</var>
<value>@{chrome_arguments}</value>
<iter>
<var name="${option}">--disable-infobars</var>
<kw name="Call Method" library="BuiltIn">
<arg>${options}</arg>
<arg>add_argument</arg>
<arg>${option}</arg>
<doc>Calls the named method of the given object with the provided arguments.</doc>
<status status="PASS" starttime="20230612 14:55:00.531" endtime="20230612 14:55:00.532"/>
</kw>
<status status="PASS" starttime="20230612 14:55:00.531" endtime="20230612 14:55:00.532"/>
</iter>
<iter>
<var name="${option}">--headless</var>
<kw name="Call Method" library="BuiltIn">
<arg>${options}</arg>
<arg>add_argument</arg>
<arg>${option}</arg>
<doc>Calls the named method of the given object with the provided arguments.</doc>
<status status="PASS" starttime="20230612 14:55:00.532" endtime="20230612 14:55:00.532"/>
</kw>
<status status="PASS" starttime="20230612 14:55:00.532" endtime="20230612 14:55:00.532"/>
</iter>
<iter>
<var name="${option}">--disable-gpu</var>
<kw name="Call Method" library="BuiltIn">
<arg>${options}</arg>
<arg>add_argument</arg>
<arg>${option}</arg>
<doc>Calls the named method of the given object with the provided arguments.</doc>
<status status="PASS" starttime="20230612 14:55:00.532" endtime="20230612 14:55:00.532"/>
</kw>
<status status="PASS" starttime="20230612 14:55:00.532" endtime="20230612 14:55:00.532"/>
</iter>
<iter>
<var name="${option}">--window-size=1280,1024</var>
<kw name="Call Method" library="BuiltIn">
<arg>${options}</arg>
<arg>add_argument</arg>
<arg>${option}</arg>
<doc>Calls the named method of the given object with the provided arguments.</doc>
<status status="PASS" starttime="20230612 14:55:00.532" endtime="20230612 14:55:00.532"/>
</kw>
<status status="PASS" starttime="20230612 14:55:00.532" endtime="20230612 14:55:00.532"/>
</iter>
<status status="PASS" starttime="20230612 14:55:00.531" endtime="20230612 14:55:00.532"/>
</for>
<return>
<value>${options}</value>
<status status="PASS" starttime="20230612 14:55:00.532" endtime="20230612 14:55:00.532"/>
</return>
<msg timestamp="20230612 14:55:00.532" level="INFO">${chrome_options} = &lt;selenium.webdriver.chrome.options.Options object at 0x7f7796b5a440&gt;</msg>
<status status="PASS" starttime="20230612 14:55:00.531" endtime="20230612 14:55:00.532"/>
</kw>
<kw name="Create Webdriver" library="SeleniumLibrary">
<arg>Chrome</arg>
<arg>chrome_options=${chrome_options}</arg>
<doc>Creates an instance of Selenium WebDriver.</doc>
<msg timestamp="20230612 14:55:00.533" level="INFO">Creating an instance of the Chrome WebDriver.</msg>
<status status="PASS" starttime="20230612 14:55:00.533" endtime="20230612 14:55:01.105"/>
</kw>
<status status="PASS" starttime="20230612 14:55:00.531" endtime="20230612 14:55:01.105"/>
</kw>
<kw name="Go To" library="SeleniumLibrary">
<arg>${HOME URL}</arg>
<doc>Navigates the current browser window to the provided ``url``.</doc>
<msg timestamp="20230612 14:55:01.105" level="INFO">Opening url 'https://deriv.com'</msg>
<status status="PASS" starttime="20230612 14:55:01.105" endtime="20230612 14:55:02.629"/>
</kw>
<kw name="Set Window Size" library="SeleniumLibrary">
<arg>1300</arg>
<arg>800</arg>
<doc>Sets current windows size to given ``width`` and ``height``.</doc>
<status status="PASS" starttime="20230612 14:55:02.629" endtime="20230612 14:55:02.733"/>
</kw>
<kw name="Wait Until Page Contains Element" library="SeleniumLibrary">
<arg>dm-nav-login-button</arg>
<doc>Waits until the element ``locator`` appears on the current page.</doc>
<status status="PASS" starttime="20230612 14:55:02.733" endtime="20230612 14:55:02.743"/>
</kw>
<status status="PASS" starttime="20230612 14:55:00.530" endtime="20230612 14:55:02.743"/>
</kw>
<kw name="Open Trade Menu">
<kw name="Click Element" library="SeleniumLibrary">
<arg>//p[text()="Trade"]</arg>
<doc>Click the element identified by ``locator``.</doc>
<msg timestamp="20230612 14:55:02.744" level="INFO">Clicking element '//p[text()="Trade"]'.</msg>
<status status="PASS" starttime="20230612 14:55:02.744" endtime="20230612 14:55:02.828"/>
</kw>
<kw name="Wait Until Page Contains" library="SeleniumLibrary">
<arg>Trade types</arg>
<doc>Waits until ``text`` appears on the current page.</doc>
<status status="PASS" starttime="20230612 14:55:02.828" endtime="20230612 14:55:02.844"/>
</kw>
<kw name="Mouse Over" library="SeleniumLibrary">
<arg>//p[text()="Trade"]</arg>
<doc>Simulates hovering the mouse over the element ``locator``.</doc>
<msg timestamp="20230612 14:55:02.844" level="INFO">Simulating Mouse Over on element '//p[text()="Trade"]'.</msg>
<status status="PASS" starttime="20230612 14:55:02.844" endtime="20230612 14:55:03.112"/>
</kw>
<status status="PASS" starttime="20230612 14:55:02.743" endtime="20230612 14:55:03.112"/>
</kw>
<kw name="Check Trade Types">
<kw name="Page Should Contain Element" library="SeleniumLibrary">
<arg>${CFDs}</arg>
<doc>Verifies that element ``locator`` is found on the current page.</doc>
<msg timestamp="20230612 14:55:03.124" level="INFO">Current page contains element '//h2[text()= "CFDs"]'.</msg>
<status status="PASS" starttime="20230612 14:55:03.113" endtime="20230612 14:55:03.124"/>
</kw>
<kw name="Page Should Contain" library="SeleniumLibrary">
<arg>Trade with leverage and tight spreads for better returns on successful trades.</arg>
<doc>Verifies that current page contains ``text``.</doc>
<msg timestamp="20230612 14:55:03.138" level="INFO">Current page contains text 'Trade with leverage and tight spreads for better returns on successful trades.'.</msg>
<status status="PASS" starttime="20230612 14:55:03.124" endtime="20230612 14:55:03.138"/>
</kw>
<kw name="Page Should Contain Element" library="SeleniumLibrary">
<arg>${options}</arg>
<doc>Verifies that element ``locator`` is found on the current page.</doc>
<msg timestamp="20230612 14:55:03.148" level="INFO">Current page contains element '//h2[text()="Options"]'.</msg>
<status status="PASS" starttime="20230612 14:55:03.138" endtime="20230612 14:55:03.148"/>
</kw>
<kw name="Page Should Contain" library="SeleniumLibrary">
<arg>Earn a range of payouts without risking more than your initial stake.</arg>
<doc>Verifies that current page contains ``text``.</doc>
<msg timestamp="20230612 14:55:03.159" level="INFO">Current page contains text 'Earn a range of payouts without risking more than your initial stake.'.</msg>
<status status="PASS" starttime="20230612 14:55:03.148" endtime="20230612 14:55:03.159"/>
</kw>
<kw name="Page Should Contain Element" library="SeleniumLibrary">
<arg>${multiplier}</arg>
<doc>Verifies that element ``locator`` is found on the current page.</doc>
<msg timestamp="20230612 14:55:03.167" level="INFO">Current page contains element '//h2[text()="Multipliers"]'.</msg>
<status status="PASS" starttime="20230612 14:55:03.159" endtime="20230612 14:55:03.167"/>
</kw>
<kw name="Page Should Contain" library="SeleniumLibrary">
<arg>Get the upside of CFDs without the downside of losing more than your stake.</arg>
<doc>Verifies that current page contains ``text``.</doc>
<msg timestamp="20230612 14:55:03.177" level="INFO">Current page contains text 'Get the upside of CFDs without the downside of losing more than your stake.'.</msg>
<status status="PASS" starttime="20230612 14:55:03.167" endtime="20230612 14:55:03.177"/>
</kw>
<status status="PASS" starttime="20230612 14:55:03.112" endtime="20230612 14:55:03.177"/>
</kw>
<kw name="Check Trading Platforms">
<kw name="Page Should Contain Element" library="SeleniumLibrary">
<arg>${deriv_mt5}</arg>
<doc>Verifies that element ``locator`` is found on the current page.</doc>
<msg timestamp="20230612 14:55:03.187" level="INFO">Current page contains element '//h2[text() = "deriv MT5"]'.</msg>
<status status="PASS" starttime="20230612 14:55:03.178" endtime="20230612 14:55:03.187"/>
</kw>
<kw name="Page Should Contain" library="SeleniumLibrary">
<arg>Trade on Deriv MT5, the all-in-one CFD trading platform.</arg>
<doc>Verifies that current page contains ``text``.</doc>
<msg timestamp="20230612 14:55:03.201" level="INFO">Current page contains text 'Trade on Deriv MT5, the all-in-one CFD trading platform.'.</msg>
<status status="PASS" starttime="20230612 14:55:03.187" endtime="20230612 14:55:03.201"/>
</kw>
<kw name="Page Should Contain Element" library="SeleniumLibrary">
<arg>${derivx}</arg>
<doc>Verifies that element ``locator`` is found on the current page.</doc>
<msg timestamp="20230612 14:55:03.211" level="INFO">Current page contains element '//h2[text() = "deriv X"]'.</msg>
<status status="PASS" starttime="20230612 14:55:03.201" endtime="20230612 14:55:03.211"/>
</kw>
<kw name="Page Should Contain" library="SeleniumLibrary">
<arg>A highly customisable and easy-to-use CFD trading platform.</arg>
<doc>Verifies that current page contains ``text``.</doc>
<msg timestamp="20230612 14:55:03.223" level="INFO">Current page contains text 'A highly customisable and easy-to-use CFD trading platform.'.</msg>
<status status="PASS" starttime="20230612 14:55:03.211" endtime="20230612 14:55:03.223"/>
</kw>
<kw name="Page Should Contain Element" library="SeleniumLibrary">
<arg>${deriv_ez}</arg>
<doc>Verifies that element ``locator`` is found on the current page.</doc>
<msg timestamp="20230612 14:55:03.231" level="INFO">Current page contains element '//h2[text() = "deriv EZ"]'.</msg>
<status status="PASS" starttime="20230612 14:55:03.223" endtime="20230612 14:55:03.231"/>
</kw>
<kw name="Page Should Contain" library="SeleniumLibrary">
<arg>Trade on global markets from anywhere with our mobile-first CFD trading platform.</arg>
<doc>Verifies that current page contains ``text``.</doc>
<msg timestamp="20230612 14:55:03.244" level="INFO">Current page contains text 'Trade on global markets from anywhere with our mobile-first CFD trading platform.'.</msg>
<status status="PASS" starttime="20230612 14:55:03.231" endtime="20230612 14:55:03.244"/>
</kw>
<kw name="Page Should Contain Element" library="SeleniumLibrary">
<arg>${smart_trader}</arg>
<doc>Verifies that element ``locator`` is found on the current page.</doc>
<msg timestamp="20230612 14:55:03.252" level="INFO">Current page contains element '//h2[text() = "SmartTrader"]'.</msg>
<status status="PASS" starttime="20230612 14:55:03.244" endtime="20230612 14:55:03.252"/>
</kw>
<kw name="Page Should Contain" library="SeleniumLibrary">
<arg>Trade the world’s markets with our popular user-friendly platform.</arg>
<doc>Verifies that current page contains ``text``.</doc>
<msg timestamp="20230612 14:55:03.263" level="INFO">Current page contains text 'Trade the world’s markets with our popular user-friendly platform.'.</msg>
<status status="PASS" starttime="20230612 14:55:03.252" endtime="20230612 14:55:03.263"/>
</kw>
<kw name="Page Should Contain Element" library="SeleniumLibrary">
<arg>${deriv_trader}</arg>
<doc>Verifies that element ``locator`` is found on the current page.</doc>
<msg timestamp="20230612 14:55:03.271" level="INFO">Current page contains element '//h2[text() = "deriv Trader"]'.</msg>
<status status="PASS" starttime="20230612 14:55:03.263" endtime="20230612 14:55:03.271"/>
</kw>
<kw name="Page Should Contain" library="SeleniumLibrary">
<arg>A whole new trading experience on a powerful yet easy to use platform.</arg>
<doc>Verifies that current page contains ``text``.</doc>
<msg timestamp="20230612 14:55:03.281" level="INFO">Current page contains text 'A whole new trading experience on a powerful yet easy to use platform.'.</msg>
<status status="PASS" starttime="20230612 14:55:03.271" endtime="20230612 14:55:03.281"/>
</kw>
<kw name="Page Should Contain Element" library="SeleniumLibrary">
<arg>${deriv_go}</arg>
<doc>Verifies that element ``locator`` is found on the current page.</doc>
<msg timestamp="20230612 14:55:03.288" level="INFO">Current page contains element '//h2[text() = "deriv GO"]'.</msg>
<status status="PASS" starttime="20230612 14:55:03.281" endtime="20230612 14:55:03.288"/>
</kw>
<kw name="Page Should Contain" library="SeleniumLibrary">
<arg>Trade multipliers on forex, cryptocurrencies, and synthetic indices with our mobile app.</arg>
<doc>Verifies that current page contains ``text``.</doc>
<msg timestamp="20230612 14:55:03.299" level="INFO">Current page contains text 'Trade multipliers on forex, cryptocurrencies, and synthetic indices with our mobile app.'.</msg>
<status status="PASS" starttime="20230612 14:55:03.288" endtime="20230612 14:55:03.299"/>
</kw>
<kw name="Page Should Contain Element" library="SeleniumLibrary">
<arg>${deriv_bot}</arg>
<doc>Verifies that element ``locator`` is found on the current page.</doc>
<msg timestamp="20230612 14:55:03.306" level="INFO">Current page contains element '//h2[text() = "deriv Bot"]'.</msg>
<status status="PASS" starttime="20230612 14:55:03.299" endtime="20230612 14:55:03.307"/>
</kw>
<kw name="Page Should Contain" library="SeleniumLibrary">
<arg>Automated trading at your fingertips. No coding needed.</arg>
<doc>Verifies that current page contains ``text``.</doc>
<msg timestamp="20230612 14:55:03.319" level="INFO">Current page contains text 'Automated trading at your fingertips. No coding needed.'.</msg>
<status status="PASS" starttime="20230612 14:55:03.307" endtime="20230612 14:55:03.319"/>
</kw>
<kw name="Page Should Contain Element" library="SeleniumLibrary">
<arg>${binary_bot}</arg>
<doc>Verifies that element ``locator`` is found on the current page.</doc>
<msg timestamp="20230612 14:55:03.327" level="INFO">Current page contains element '//h2[text() = "Binary Bot"]'.</msg>
<status status="PASS" starttime="20230612 14:55:03.319" endtime="20230612 14:55:03.327"/>
</kw>
<kw name="Page Should Contain" library="SeleniumLibrary">
<arg>Our classic "drag-and-drop" tool for creating trading bots, featuring pop-up trading charts, for advanced users.</arg>
<doc>Verifies that current page contains ``text``.</doc>
<msg timestamp="20230612 14:55:03.337" level="INFO">Current page contains text 'Our classic "drag-and-drop" tool for creating trading bots, featuring pop-up trading charts, for advanced users.'.</msg>
<status status="PASS" starttime="20230612 14:55:03.327" endtime="20230612 14:55:03.337"/>
</kw>
<status status="PASS" starttime="20230612 14:55:03.178" endtime="20230612 14:55:03.337"/>
</kw>
<status status="PASS" starttime="20230612 14:55:00.530" endtime="20230612 14:55:03.337"/>
</test>
<test id="s1-t2" name="Check Deriv Life" line="53">
<kw name="Open About US Menu">
<kw name="Mouse Over" library="SeleniumLibrary">
<arg>//button[@id="radix-5-trigger-_t_About us_t_"]</arg>
<doc>Simulates hovering the mouse over the element ``locator``.</doc>
<msg timestamp="20230612 14:55:03.338" level="INFO">Simulating Mouse Over on element '//button[@id="radix-5-trigger-_t_About us_t_"]'.</msg>
<status status="PASS" starttime="20230612 14:55:03.338" endtime="20230612 14:55:03.621"/>
</kw>
<kw name="Wait Until Page Contains Element" library="SeleniumLibrary">
<arg>//h2[text()="deriv life"]</arg>
<arg>30</arg>
<doc>Waits until the element ``locator`` appears on the current page.</doc>
<status status="PASS" starttime="20230612 14:55:03.621" endtime="20230612 14:55:03.630"/>
</kw>
<status status="PASS" starttime="20230612 14:55:03.338" endtime="20230612 14:55:03.630"/>
</kw>
<kw name="Click Element" library="SeleniumLibrary">
<arg>${deriv_life}</arg>
<doc>Click the element identified by ``locator``.</doc>
<msg timestamp="20230612 14:55:03.630" level="INFO">Clicking element '//h2[text()="deriv life"]//parent::div'.</msg>
<status status="PASS" starttime="20230612 14:55:03.630" endtime="20230612 14:55:03.678"/>
</kw>
<kw name="Switch Window" library="SeleniumLibrary">
<arg>title=Deriv Life</arg>
<doc>Switches to browser window matching ``locator``.</doc>
<status status="PASS" starttime="20230612 14:55:03.678" endtime="20230612 14:55:05.027"/>
</kw>
<kw name="Page Should Contain" library="SeleniumLibrary">
<arg>Making an impact that matters</arg>
<doc>Verifies that current page contains ``text``.</doc>
<msg timestamp="20230612 14:55:05.037" level="INFO">Current page contains text 'Making an impact that matters'.</msg>
<status status="PASS" starttime="20230612 14:55:05.028" endtime="20230612 14:55:05.037"/>
</kw>
<status status="PASS" starttime="20230612 14:55:03.338" endtime="20230612 14:55:05.037"/>
</test>
<test id="s1-t3" name="Check Social Networks" line="61">
<kw name="Switch Window" library="SeleniumLibrary">
<arg>Online trading platform | Forex, commodities, synthetic indices, stocks, and stock indices | Deriv</arg>
<doc>Switches to browser window matching ``locator``.</doc>
<status status="PASS" starttime="20230612 14:55:05.038" endtime="20230612 14:55:05.051"/>
</kw>
<kw name="Scroll Element Into View" library="SeleniumLibrary">
<arg>//footer</arg>
<doc>Scrolls the element identified by ``locator`` into view.</doc>
<status status="PASS" starttime="20230612 14:55:05.052" endtime="20230612 14:55:05.328"/>
</kw>
<kw name="Page Should Contain Element" library="SeleniumLibrary">
<arg>${youtube}</arg>
<doc>Verifies that element ``locator`` is found on the current page.</doc>
<msg timestamp="20230612 14:55:05.338" level="INFO">Current page contains element '//a[@href="https://www.youtube.com/@deriv"]'.</msg>
<status status="PASS" starttime="20230612 14:55:05.328" endtime="20230612 14:55:05.338"/>
</kw>
<kw name="Page Should Contain Element" library="SeleniumLibrary">
<arg>${telegram}</arg>
<doc>Verifies that element ``locator`` is found on the current page.</doc>
<msg timestamp="20230612 14:55:05.350" level="INFO">Current page contains element '//a[@href="https://t.me/derivdotcomofficial"]'.</msg>
<status status="PASS" starttime="20230612 14:55:05.338" endtime="20230612 14:55:05.350"/>
</kw>
<kw name="Page Should Contain Element" library="SeleniumLibrary">
<arg>${facebook}</arg>
<doc>Verifies that element ``locator`` is found on the current page.</doc>
<msg timestamp="20230612 14:55:05.360" level="INFO">Current page contains element '//a[@href="https://www.facebook.com/derivdotcom"]'.</msg>
<status status="PASS" starttime="20230612 14:55:05.350" endtime="20230612 14:55:05.360"/>
</kw>
<kw name="Page Should Contain Element" library="SeleniumLibrary">
<arg>${twitter}</arg>
<doc>Verifies that element ``locator`` is found on the current page.</doc>
<msg timestamp="20230612 14:55:05.376" level="INFO">Current page contains element '//a[@href="https://twitter.com/derivdotcom/"]'.</msg>
<status status="PASS" starttime="20230612 14:55:05.360" endtime="20230612 14:55:05.377"/>
</kw>
<kw name="Page Should Contain Element" library="SeleniumLibrary">
<arg>${instagram}</arg>
<doc>Verifies that element ``locator`` is found on the current page.</doc>
<msg timestamp="20230612 14:55:05.387" level="INFO">Current page contains element '//a[@href="https://www.instagram.com/deriv_official/"]'.</msg>
<status status="PASS" starttime="20230612 14:55:05.378" endtime="20230612 14:55:05.387"/>
</kw>
<kw name="Page Should Contain Element" library="SeleniumLibrary">
<arg>${linkedin}</arg>
<doc>Verifies that element ``locator`` is found on the current page.</doc>
<msg timestamp="20230612 14:55:05.403" level="INFO">Current page contains element '//a[@href="https://www.linkedin.com/company/derivdotcom/"]'.</msg>
<status status="PASS" starttime="20230612 14:55:05.387" endtime="20230612 14:55:05.403"/>
</kw>
<status status="PASS" starttime="20230612 14:55:05.038" endtime="20230612 14:55:05.404"/>
</test>
<test id="s1-t4" name="Swap Calculator" line="73">
<kw name="Go To Swap Calculator">
<kw name="Chrome Headless">
<kw name="Set Chrome Options">
<var>${chrome_options}</var>
<doc>Set Chrome options for headless mode</doc>
<kw name="Evaluate" library="BuiltIn">
<var>${options}</var>
<arg>sys.modules['selenium.webdriver'].ChromeOptions()</arg>
<arg>sys, selenium.webdriver</arg>
<doc>Evaluates the given expression in Python and returns the result.</doc>
<msg timestamp="20230612 14:55:05.406" level="INFO">${options} = &lt;selenium.webdriver.chrome.options.Options object at 0x7f7797283d90&gt;</msg>
<status status="PASS" starttime="20230612 14:55:05.406" endtime="20230612 14:55:05.406"/>
</kw>
<for flavor="IN">
<var>${option}</var>
<value>@{chrome_arguments}</value>
<iter>
<var name="${option}">--disable-infobars</var>
<kw name="Call Method" library="BuiltIn">
<arg>${options}</arg>
<arg>add_argument</arg>
<arg>${option}</arg>
<doc>Calls the named method of the given object with the provided arguments.</doc>
<status status="PASS" starttime="20230612 14:55:05.407" endtime="20230612 14:55:05.407"/>
</kw>
<status status="PASS" starttime="20230612 14:55:05.406" endtime="20230612 14:55:05.407"/>
</iter>
<iter>
<var name="${option}">--headless</var>
<kw name="Call Method" library="BuiltIn">
<arg>${options}</arg>
<arg>add_argument</arg>
<arg>${option}</arg>
<doc>Calls the named method of the given object with the provided arguments.</doc>
<status status="PASS" starttime="20230612 14:55:05.407" endtime="20230612 14:55:05.407"/>
</kw>
<status status="PASS" starttime="20230612 14:55:05.407" endtime="20230612 14:55:05.407"/>
</iter>
<iter>
<var name="${option}">--disable-gpu</var>
<kw name="Call Method" library="BuiltIn">
<arg>${options}</arg>
<arg>add_argument</arg>
<arg>${option}</arg>
<doc>Calls the named method of the given object with the provided arguments.</doc>
<status status="PASS" starttime="20230612 14:55:05.407" endtime="20230612 14:55:05.408"/>
</kw>
<status status="PASS" starttime="20230612 14:55:05.407" endtime="20230612 14:55:05.408"/>
</iter>
<iter>
<var name="${option}">--window-size=1280,1024</var>
<kw name="Call Method" library="BuiltIn">
<arg>${options}</arg>
<arg>add_argument</arg>
<arg>${option}</arg>
<doc>Calls the named method of the given object with the provided arguments.</doc>
<status status="PASS" starttime="20230612 14:55:05.408" endtime="20230612 14:55:05.408"/>
</kw>
<status status="PASS" starttime="20230612 14:55:05.408" endtime="20230612 14:55:05.408"/>
</iter>
<status status="PASS" starttime="20230612 14:55:05.406" endtime="20230612 14:55:05.408"/>
</for>
<return>
<value>${options}</value>
<status status="PASS" starttime="20230612 14:55:05.408" endtime="20230612 14:55:05.408"/>
</return>
<msg timestamp="20230612 14:55:05.408" level="INFO">${chrome_options} = &lt;selenium.webdriver.chrome.options.Options object at 0x7f7797283d90&gt;</msg>
<status status="PASS" starttime="20230612 14:55:05.406" endtime="20230612 14:55:05.408"/>
</kw>
<kw name="Create Webdriver" library="SeleniumLibrary">
<arg>Chrome</arg>
<arg>chrome_options=${chrome_options}</arg>
<doc>Creates an instance of Selenium WebDriver.</doc>
<msg timestamp="20230612 14:55:05.408" level="INFO">Creating an instance of the Chrome WebDriver.</msg>
<status status="PASS" starttime="20230612 14:55:05.408" endtime="20230612 14:55:05.981"/>
</kw>
<status status="PASS" starttime="20230612 14:55:05.405" endtime="20230612 14:55:05.981"/>
</kw>
<kw name="Go To" library="SeleniumLibrary">
<arg>${swap_calculator}</arg>
<doc>Navigates the current browser window to the provided ``url``.</doc>
<msg timestamp="20230612 14:55:05.981" level="INFO">Opening url 'https://deriv.com/trader-tools/swap-calculator/'</msg>
<status status="PASS" starttime="20230612 14:55:05.981" endtime="20230612 14:55:07.553"/>
</kw>
<kw name="Set Window Size" library="SeleniumLibrary">
<arg>1300</arg>
<arg>800</arg>
<doc>Sets current windows size to given ``width`` and ``height``.</doc>
<status status="PASS" starttime="20230612 14:55:07.554" endtime="20230612 14:55:07.656"/>
</kw>
<kw name="Wait Until Page Contains Element" library="SeleniumLibrary">
<arg>//h1[text()="Swap Calculator"]</arg>
<doc>Waits until the element ``locator`` appears on the current page.</doc>
<status status="PASS" starttime="20230612 14:55:07.656" endtime="20230612 14:55:07.665"/>
</kw>
<status status="PASS" starttime="20230612 14:55:05.405" endtime="20230612 14:55:07.665"/>
</kw>
<kw name="Scroll Element Into View" library="SeleniumLibrary">
<arg>${calculator_table}</arg>
<doc>Scrolls the element identified by ``locator`` into view.</doc>
<status status="PASS" starttime="20230612 14:55:07.665" endtime="20230612 14:55:07.943"/>
</kw>
<kw name="Switch To Financial">
<kw name="Click Element" library="SeleniumLibrary">
<arg>//p[contains(@class,"typography__Text") and text()="Financial"]</arg>
<doc>Click the element identified by ``locator``.</doc>
<msg timestamp="20230612 14:55:07.943" level="INFO">Clicking element '//p[contains(@class,"typography__Text") and text()="Financial"]'.</msg>
<status status="PASS" starttime="20230612 14:55:07.943" endtime="20230612 14:55:08.046"/>
</kw>
<status status="PASS" starttime="20230612 14:55:07.943" endtime="20230612 14:55:08.046"/>
</kw>
<kw name="Select Symbol">
<kw name="Click Element" library="SeleniumLibrary">
<arg>${symbol}</arg>
<doc>Click the element identified by ``locator``.</doc>
<msg timestamp="20230612 14:55:08.047" level="INFO">Clicking element '//ul[@id="symbol"]'.</msg>
<status status="PASS" starttime="20230612 14:55:08.047" endtime="20230612 14:55:08.102"/>
</kw>
<kw name="Click Element" library="SeleniumLibrary">
<arg>id:AUDUSD</arg>
<doc>Click the element identified by ``locator``.</doc>
<msg timestamp="20230612 14:55:08.103" level="INFO">Clicking element 'id:AUDUSD'.</msg>
<status status="PASS" starttime="20230612 14:55:08.102" endtime="20230612 14:55:08.216"/>
</kw>
<status status="PASS" starttime="20230612 14:55:08.047" endtime="20230612 14:55:08.216"/>
</kw>
<kw name="Fill Form">
<arg>id:volume</arg>
<arg>100</arg>
<kw name="Click Element" library="SeleniumLibrary">
<arg>${field}</arg>
<doc>Click the element identified by ``locator``.</doc>
<msg timestamp="20230612 14:55:08.217" level="INFO">Clicking element 'id:volume'.</msg>
<status status="PASS" starttime="20230612 14:55:08.217" endtime="20230612 14:55:08.278"/>
</kw>
<kw name="Input Text" library="SeleniumLibrary">
<arg>${field}</arg>
<arg>${value}</arg>
<doc>Types the given ``text`` into the text field identified by ``locator``.</doc>
<msg timestamp="20230612 14:55:08.279" level="INFO">Typing text '100' into text field 'id:volume'.</msg>
<status status="PASS" starttime="20230612 14:55:08.278" endtime="20230612 14:55:08.343"/>
</kw>
<status status="PASS" starttime="20230612 14:55:08.216" endtime="20230612 14:55:08.343"/>
</kw>
<kw name="Fill Form">
<arg>id:pointValue</arg>
<arg>10</arg>
<kw name="Click Element" library="SeleniumLibrary">
<arg>${field}</arg>
<doc>Click the element identified by ``locator``.</doc>
<msg timestamp="20230612 14:55:08.344" level="INFO">Clicking element 'id:pointValue'.</msg>
<status status="PASS" starttime="20230612 14:55:08.343" endtime="20230612 14:55:08.390"/>
</kw>
<kw name="Input Text" library="SeleniumLibrary">
<arg>${field}</arg>
<arg>${value}</arg>
<doc>Types the given ``text`` into the text field identified by ``locator``.</doc>
<msg timestamp="20230612 14:55:08.391" level="INFO">Typing text '10' into text field 'id:pointValue'.</msg>
<status status="PASS" starttime="20230612 14:55:08.390" endtime="20230612 14:55:08.437"/>
</kw>
<status status="PASS" starttime="20230612 14:55:08.343" endtime="20230612 14:55:08.437"/>
</kw>
<kw name="Fill Form">
<arg>id:swapRate</arg>
<arg>0.5</arg>
<kw name="Click Element" library="SeleniumLibrary">
<arg>${field}</arg>
<doc>Click the element identified by ``locator``.</doc>
<msg timestamp="20230612 14:55:08.438" level="INFO">Clicking element 'id:swapRate'.</msg>
<status status="PASS" starttime="20230612 14:55:08.438" endtime="20230612 14:55:08.483"/>
</kw>
<kw name="Input Text" library="SeleniumLibrary">
<arg>${field}</arg>
<arg>${value}</arg>
<doc>Types the given ``text`` into the text field identified by ``locator``.</doc>
<msg timestamp="20230612 14:55:08.484" level="INFO">Typing text '0.5' into text field 'id:swapRate'.</msg>
<status status="PASS" starttime="20230612 14:55:08.483" endtime="20230612 14:55:08.547"/>
</kw>
<status status="PASS" starttime="20230612 14:55:08.437" endtime="20230612 14:55:08.547"/>
</kw>
<kw name="Click Button" library="SeleniumLibrary">
<arg>css:[type="submit"]</arg>
<doc>Clicks the button identified by ``locator``.</doc>
<msg timestamp="20230612 14:55:08.547" level="INFO">Clicking button 'css:[type="submit"]'.</msg>
<status status="PASS" starttime="20230612 14:55:08.547" endtime="20230612 14:55:08.636"/>
</kw>
<kw name="Check Swap Charge">
<kw name="Evaluate" library="BuiltIn">
<var>${expected_swap}</var>
<arg>int(100*100000*10*0.5)</arg>
<doc>Evaluates the given expression in Python and returns the result.</doc>
<msg timestamp="20230612 14:55:08.637" level="INFO">${expected_swap} = 50000000</msg>
<status status="PASS" starttime="20230612 14:55:08.637" endtime="20230612 14:55:08.637"/>
</kw>
<kw name="Set Variable" library="BuiltIn">
<var>${int_var}</var>
<arg>${expected_swap}</arg>
<doc>Returns the given values which can then be assigned to a variables.</doc>
<msg timestamp="20230612 14:55:08.637" level="INFO">${int_var} = 50000000</msg>
<status status="PASS" starttime="20230612 14:55:08.637" endtime="20230612 14:55:08.637"/>
</kw>
<kw name="Evaluate" library="BuiltIn">
<var>${string_var}</var>
<arg>"{:,}".format($int_var)</arg>
<doc>Evaluates the given expression in Python and returns the result.</doc>
<msg timestamp="20230612 14:55:08.639" level="INFO">${string_var} = 50,000,000</msg>
<status status="PASS" starttime="20230612 14:55:08.637" endtime="20230612 14:55:08.639"/>
</kw>
<kw name="Element Text Should Be" library="SeleniumLibrary">
<arg>//*[text()="USD"]//preceding-sibling::div</arg>
<arg>${string_var}</arg>
<doc>Verifies that element ``locator`` contains exact the text ``expected``.</doc>
<msg timestamp="20230612 14:55:08.639" level="WARN">Keyword 'Element Text Should Be' found both from a custom library 'SeleniumLibrary' and a standard library 'XML'. The custom keyword is used. To select explicitly, and to get rid of this warning, use either 'SeleniumLibrary.Element Text Should Be' or 'XML.Element Text Should Be'.</msg>
<msg timestamp="20230612 14:55:08.640" level="INFO">Verifying element '//*[text()="USD"]//preceding-sibling::div' contains exact text '50,000,000'.</msg>
<status status="PASS" starttime="20230612 14:55:08.640" endtime="20230612 14:55:08.666"/>
</kw>
<kw name="Log To Console" library="BuiltIn">
<arg>${string_var}</arg>
<doc>Logs the given message to the console.</doc>
<status status="PASS" starttime="20230612 14:55:08.666" endtime="20230612 14:55:08.666"/>
</kw>
<status status="PASS" starttime="20230612 14:55:08.636" endtime="20230612 14:55:08.666"/>
</kw>
<status status="PASS" starttime="20230612 14:55:05.405" endtime="20230612 14:55:08.667"/>
</test>
<status status="PASS" starttime="20230612 14:55:00.421" endtime="20230612 14:55:08.667"/>
</suite>
<statistics>
<total>
<stat pass="4" fail="0" skip="0">All Tests</stat>
</total>
<tag>
</tag>
<suite>
<stat pass="4" fail="0" skip="0" id="s1" name="Test">Test</stat>
</suite>
</statistics>
<errors>
<msg timestamp="20230612 14:55:08.639" level="WARN">Keyword 'Element Text Should Be' found both from a custom library 'SeleniumLibrary' and a standard library 'XML'. The custom keyword is used. To select explicitly, and to get rid of this warning, use either 'SeleniumLibrary.Element Text Should Be' or 'XML.Element Text Should Be'.</msg>
</errors>
</robot>
