<?xml version="1.0" encoding="UTF-8"?>
<robot generator="Robot 6.0.2 (Python 3.10.6 on linux)" generated="20230612 14:45:26.947" rpa="false" schemaversion="3">
<suite id="s1" name="Test" source="/home/deilan/Desktop/RF-exercise/besquare_2023/test.robot">
<test id="s1-t1" name="Check Traders Menu" line="45">
<kw name="Go To Homepage">
<kw name="Chrome Headless">
<kw name="Set Chrome Options">
<var>${chrome_options}</var>
<doc>Set Chrome options for headless mode</doc>
<kw name="Evaluate" library="BuiltIn">
<var>${options}</var>
<arg>sys.modules['selenium.webdriver'].ChromeOptions()</arg>
<arg>sys, selenium.webdriver</arg>
<doc>Evaluates the given expression in Python and returns the result.</doc>
<msg timestamp="20230612 14:45:27.060" level="INFO">${options} = &lt;selenium.webdriver.chrome.options.Options object at 0x7f827bd52440&gt;</msg>
<status status="PASS" starttime="20230612 14:45:27.059" endtime="20230612 14:45:27.060"/>
</kw>
<for flavor="IN">
<var>${option}</var>
<value>@{chrome_arguments}</value>
<iter>
<var name="${option}">--disable-infobars</var>
<kw name="Call Method" library="BuiltIn">
<arg>${options}</arg>
<arg>add_argument</arg>
<arg>${option}</arg>
<doc>Calls the named method of the given object with the provided arguments.</doc>
<status status="PASS" starttime="20230612 14:45:27.060" endtime="20230612 14:45:27.060"/>
</kw>
<status status="PASS" starttime="20230612 14:45:27.060" endtime="20230612 14:45:27.060"/>
</iter>
<iter>
<var name="${option}">--headless</var>
<kw name="Call Method" library="BuiltIn">
<arg>${options}</arg>
<arg>add_argument</arg>
<arg>${option}</arg>
<doc>Calls the named method of the given object with the provided arguments.</doc>
<status status="PASS" starttime="20230612 14:45:27.060" endtime="20230612 14:45:27.060"/>
</kw>
<status status="PASS" starttime="20230612 14:45:27.060" endtime="20230612 14:45:27.060"/>
</iter>
<iter>
<var name="${option}">--disable-gpu</var>
<kw name="Call Method" library="BuiltIn">
<arg>${options}</arg>
<arg>add_argument</arg>
<arg>${option}</arg>
<doc>Calls the named method of the given object with the provided arguments.</doc>
<status status="PASS" starttime="20230612 14:45:27.060" endtime="20230612 14:45:27.060"/>
</kw>
<status status="PASS" starttime="20230612 14:45:27.060" endtime="20230612 14:45:27.060"/>
</iter>
<iter>
<var name="${option}">--window-size=1280,1024</var>
<kw name="Call Method" library="BuiltIn">
<arg>${options}</arg>
<arg>add_argument</arg>
<arg>${option}</arg>
<doc>Calls the named method of the given object with the provided arguments.</doc>
<status status="PASS" starttime="20230612 14:45:27.061" endtime="20230612 14:45:27.061"/>
</kw>
<status status="PASS" starttime="20230612 14:45:27.060" endtime="20230612 14:45:27.061"/>
</iter>
<status status="PASS" starttime="20230612 14:45:27.060" endtime="20230612 14:45:27.061"/>
</for>
<return>
<value>${options}</value>
<status status="PASS" starttime="20230612 14:45:27.061" endtime="20230612 14:45:27.061"/>
</return>
<msg timestamp="20230612 14:45:27.061" level="INFO">${chrome_options} = &lt;selenium.webdriver.chrome.options.Options object at 0x7f827bd52440&gt;</msg>
<status status="PASS" starttime="20230612 14:45:27.059" endtime="20230612 14:45:27.061"/>
</kw>
<kw name="Create Webdriver" library="SeleniumLibrary">
<arg>Chrome</arg>
<arg>chrome_options=${chrome_options}</arg>
<doc>Creates an instance of Selenium WebDriver.</doc>
<msg timestamp="20230612 14:45:27.061" level="INFO">Creating an instance of the Chrome WebDriver.</msg>
<status status="PASS" starttime="20230612 14:45:27.061" endtime="20230612 14:45:27.785"/>
</kw>
<status status="PASS" starttime="20230612 14:45:27.059" endtime="20230612 14:45:27.785"/>
</kw>
<kw name="Go To" library="SeleniumLibrary">
<arg>${HOME URL}</arg>
<doc>Navigates the current browser window to the provided ``url``.</doc>
<msg timestamp="20230612 14:45:27.786" level="INFO">Opening url 'https://deriv.com'</msg>
<status status="PASS" starttime="20230612 14:45:27.785" endtime="20230612 14:45:29.329"/>
</kw>
<kw name="Set Window Size" library="SeleniumLibrary">
<arg>1300</arg>
<arg>800</arg>
<doc>Sets current windows size to given ``width`` and ``height``.</doc>
<status status="PASS" starttime="20230612 14:45:29.329" endtime="20230612 14:45:29.433"/>
</kw>
<kw name="Wait Until Page Contains Element" library="SeleniumLibrary">
<arg>dm-nav-login-button</arg>
<doc>Waits until the element ``locator`` appears on the current page.</doc>
<status status="PASS" starttime="20230612 14:45:29.433" endtime="20230612 14:45:29.445"/>
</kw>
<status status="PASS" starttime="20230612 14:45:27.059" endtime="20230612 14:45:29.445"/>
</kw>
<kw name="Open Trade Menu">
<kw name="Click Element" library="SeleniumLibrary">
<arg>//p[text()="Trade"]</arg>
<doc>Click the element identified by ``locator``.</doc>
<msg timestamp="20230612 14:45:29.446" level="INFO">Clicking element '//p[text()="Trade"]'.</msg>
<status status="PASS" starttime="20230612 14:45:29.445" endtime="20230612 14:45:29.526"/>
</kw>
<kw name="Wait Until Page Contains" library="SeleniumLibrary">
<arg>Trade types</arg>
<doc>Waits until ``text`` appears on the current page.</doc>
<status status="PASS" starttime="20230612 14:45:29.526" endtime="20230612 14:45:29.537"/>
</kw>
<kw name="Mouse Over" library="SeleniumLibrary">
<arg>//p[text()="Trade"]</arg>
<doc>Simulates hovering the mouse over the element ``locator``.</doc>
<msg timestamp="20230612 14:45:29.537" level="INFO">Simulating Mouse Over on element '//p[text()="Trade"]'.</msg>
<status status="PASS" starttime="20230612 14:45:29.537" endtime="20230612 14:45:29.815"/>
</kw>
<status status="PASS" starttime="20230612 14:45:29.445" endtime="20230612 14:45:29.815"/>
</kw>
<kw name="Check Trade Types">
<kw name="Page Should Contain Element" library="SeleniumLibrary">
<arg>${CFDs}</arg>
<doc>Verifies that element ``locator`` is found on the current page.</doc>
<msg timestamp="20230612 14:45:29.826" level="INFO">Current page contains element '//h2[text()= "CFDs"]'.</msg>
<status status="PASS" starttime="20230612 14:45:29.816" endtime="20230612 14:45:29.826"/>
</kw>
<kw name="Page Should Contain" library="SeleniumLibrary">
<arg>Trade with leverage and tight spreads for better returns on successful trades.</arg>
<doc>Verifies that current page contains ``text``.</doc>
<msg timestamp="20230612 14:45:29.841" level="INFO">Current page contains text 'Trade with leverage and tight spreads for better returns on successful trades.'.</msg>
<status status="PASS" starttime="20230612 14:45:29.827" endtime="20230612 14:45:29.841"/>
</kw>
<kw name="Page Should Contain Element" library="SeleniumLibrary">
<arg>${options}</arg>
<doc>Verifies that element ``locator`` is found on the current page.</doc>
<msg timestamp="20230612 14:45:29.851" level="INFO">Current page contains element '//h2[text()="Options"]'.</msg>
<status status="PASS" starttime="20230612 14:45:29.841" endtime="20230612 14:45:29.851"/>
</kw>
<kw name="Page Should Contain" library="SeleniumLibrary">
<arg>Earn a range of payouts without risking more than your initial stake.</arg>
<doc>Verifies that current page contains ``text``.</doc>
<msg timestamp="20230612 14:45:29.863" level="INFO">Current page contains text 'Earn a range of payouts without risking more than your initial stake.'.</msg>
<status status="PASS" starttime="20230612 14:45:29.851" endtime="20230612 14:45:29.863"/>
</kw>
<kw name="Page Should Contain Element" library="SeleniumLibrary">
<arg>${multiplier}</arg>
<doc>Verifies that element ``locator`` is found on the current page.</doc>
<msg timestamp="20230612 14:45:29.871" level="INFO">Current page contains element '//h2[text()="Multipliers"]'.</msg>
<status status="PASS" starttime="20230612 14:45:29.863" endtime="20230612 14:45:29.871"/>
</kw>
<kw name="Page Should Contain" library="SeleniumLibrary">
<arg>Get the upside of CFDs without the downside of losing more than your stake.</arg>
<doc>Verifies that current page contains ``text``.</doc>
<msg timestamp="20230612 14:45:29.881" level="INFO">Current page contains text 'Get the upside of CFDs without the downside of losing more than your stake.'.</msg>
<status status="PASS" starttime="20230612 14:45:29.871" endtime="20230612 14:45:29.881"/>
</kw>
<status status="PASS" starttime="20230612 14:45:29.816" endtime="20230612 14:45:29.881"/>
</kw>
<kw name="Check Trading Platforms">
<kw name="Page Should Contain Element" library="SeleniumLibrary">
<arg>${deriv_mt5}</arg>
<doc>Verifies that element ``locator`` is found on the current page.</doc>
<msg timestamp="20230612 14:45:29.892" level="INFO">Current page contains element '//h2[text() = "deriv MT5"]'.</msg>
<status status="PASS" starttime="20230612 14:45:29.882" endtime="20230612 14:45:29.892"/>
</kw>
<kw name="Page Should Contain" library="SeleniumLibrary">
<arg>Trade on Deriv MT5, the all-in-one CFD trading platform.</arg>
<doc>Verifies that current page contains ``text``.</doc>
<msg timestamp="20230612 14:45:29.908" level="INFO">Current page contains text 'Trade on Deriv MT5, the all-in-one CFD trading platform.'.</msg>
<status status="PASS" starttime="20230612 14:45:29.892" endtime="20230612 14:45:29.908"/>
</kw>
<kw name="Page Should Contain Element" library="SeleniumLibrary">
<arg>${derivx}</arg>
<doc>Verifies that element ``locator`` is found on the current page.</doc>
<msg timestamp="20230612 14:45:29.917" level="INFO">Current page contains element '//h2[text() = "deriv X"]'.</msg>
<status status="PASS" starttime="20230612 14:45:29.908" endtime="20230612 14:45:29.917"/>
</kw>
<kw name="Page Should Contain" library="SeleniumLibrary">
<arg>A highly customisable and easy-to-use CFD trading platform.</arg>
<doc>Verifies that current page contains ``text``.</doc>
<msg timestamp="20230612 14:45:29.928" level="INFO">Current page contains text 'A highly customisable and easy-to-use CFD trading platform.'.</msg>
<status status="PASS" starttime="20230612 14:45:29.917" endtime="20230612 14:45:29.928"/>
</kw>
<kw name="Page Should Contain Element" library="SeleniumLibrary">
<arg>${deriv_ez}</arg>
<doc>Verifies that element ``locator`` is found on the current page.</doc>
<msg timestamp="20230612 14:45:29.937" level="INFO">Current page contains element '//h2[text() = "deriv EZ"]'.</msg>
<status status="PASS" starttime="20230612 14:45:29.928" endtime="20230612 14:45:29.938"/>
</kw>
<kw name="Page Should Contain" library="SeleniumLibrary">
<arg>Trade on global markets from anywhere with our mobile-first CFD trading platform.</arg>
<doc>Verifies that current page contains ``text``.</doc>
<msg timestamp="20230612 14:45:29.948" level="INFO">Current page contains text 'Trade on global markets from anywhere with our mobile-first CFD trading platform.'.</msg>
<status status="PASS" starttime="20230612 14:45:29.938" endtime="20230612 14:45:29.948"/>
</kw>
<kw name="Page Should Contain Element" library="SeleniumLibrary">
<arg>${smart_trader}</arg>
<doc>Verifies that element ``locator`` is found on the current page.</doc>
<msg timestamp="20230612 14:45:29.956" level="INFO">Current page contains element '//h2[text() = "SmartTrader"]'.</msg>
<status status="PASS" starttime="20230612 14:45:29.948" endtime="20230612 14:45:29.956"/>
</kw>
<kw name="Page Should Contain" library="SeleniumLibrary">
<arg>Trade the world’s markets with our popular user-friendly platform.</arg>
<doc>Verifies that current page contains ``text``.</doc>
<msg timestamp="20230612 14:45:29.967" level="INFO">Current page contains text 'Trade the world’s markets with our popular user-friendly platform.'.</msg>
<status status="PASS" starttime="20230612 14:45:29.956" endtime="20230612 14:45:29.967"/>
</kw>
<kw name="Page Should Contain Element" library="SeleniumLibrary">
<arg>${deriv_trader}</arg>
<doc>Verifies that element ``locator`` is found on the current page.</doc>
<msg timestamp="20230612 14:45:29.975" level="INFO">Current page contains element '//h2[text() = "deriv Trader"]'.</msg>
<status status="PASS" starttime="20230612 14:45:29.968" endtime="20230612 14:45:29.975"/>
</kw>
<kw name="Page Should Contain" library="SeleniumLibrary">
<arg>A whole new trading experience on a powerful yet easy to use platform.</arg>
<doc>Verifies that current page contains ``text``.</doc>
<msg timestamp="20230612 14:45:29.985" level="INFO">Current page contains text 'A whole new trading experience on a powerful yet easy to use platform.'.</msg>
<status status="PASS" starttime="20230612 14:45:29.975" endtime="20230612 14:45:29.985"/>
</kw>
<kw name="Page Should Contain Element" library="SeleniumLibrary">
<arg>${deriv_go}</arg>
<doc>Verifies that element ``locator`` is found on the current page.</doc>
<msg timestamp="20230612 14:45:29.993" level="INFO">Current page contains element '//h2[text() = "deriv GO"]'.</msg>
<status status="PASS" starttime="20230612 14:45:29.985" endtime="20230612 14:45:29.993"/>
</kw>
<kw name="Page Should Contain" library="SeleniumLibrary">
<arg>Trade multipliers on forex, cryptocurrencies, and synthetic indices with our mobile app.</arg>
<doc>Verifies that current page contains ``text``.</doc>
<msg timestamp="20230612 14:45:30.004" level="INFO">Current page contains text 'Trade multipliers on forex, cryptocurrencies, and synthetic indices with our mobile app.'.</msg>
<status status="PASS" starttime="20230612 14:45:29.993" endtime="20230612 14:45:30.004"/>
</kw>
<kw name="Page Should Contain Element" library="SeleniumLibrary">
<arg>${deriv_bot}</arg>
<doc>Verifies that element ``locator`` is found on the current page.</doc>
<msg timestamp="20230612 14:45:30.011" level="INFO">Current page contains element '//h2[text() = "deriv Bot"]'.</msg>
<status status="PASS" starttime="20230612 14:45:30.004" endtime="20230612 14:45:30.011"/>
</kw>
<kw name="Page Should Contain" library="SeleniumLibrary">
<arg>Automated trading at your fingertips. No coding needed.</arg>
<doc>Verifies that current page contains ``text``.</doc>
<msg timestamp="20230612 14:45:30.022" level="INFO">Current page contains text 'Automated trading at your fingertips. No coding needed.'.</msg>
<status status="PASS" starttime="20230612 14:45:30.011" endtime="20230612 14:45:30.022"/>
</kw>
<kw name="Page Should Contain Element" library="SeleniumLibrary">
<arg>${binary_bot}</arg>
<doc>Verifies that element ``locator`` is found on the current page.</doc>
<msg timestamp="20230612 14:45:30.030" level="INFO">Current page contains element '//h2[text() = "Binary Bot"]'.</msg>
<status status="PASS" starttime="20230612 14:45:30.022" endtime="20230612 14:45:30.030"/>
</kw>
<kw name="Page Should Contain" library="SeleniumLibrary">
<arg>Our classic "drag-and-drop" tool for creating trading bots, featuring pop-up trading charts, for advanced users.</arg>
<doc>Verifies that current page contains ``text``.</doc>
<msg timestamp="20230612 14:45:30.041" level="INFO">Current page contains text 'Our classic "drag-and-drop" tool for creating trading bots, featuring pop-up trading charts, for advanced users.'.</msg>
<status status="PASS" starttime="20230612 14:45:30.030" endtime="20230612 14:45:30.041"/>
</kw>
<status status="PASS" starttime="20230612 14:45:29.881" endtime="20230612 14:45:30.042"/>
</kw>
<status status="PASS" starttime="20230612 14:45:27.058" endtime="20230612 14:45:30.042"/>
</test>
<test id="s1-t2" name="Check Deriv Life" line="53">
<kw name="Open About US Menu">
<kw name="Mouse Over" library="SeleniumLibrary">
<arg>//button[@id="radix-5-trigger-_t_About us_t_"]</arg>
<doc>Simulates hovering the mouse over the element ``locator``.</doc>
<msg timestamp="20230612 14:45:30.043" level="INFO">Simulating Mouse Over on element '//button[@id="radix-5-trigger-_t_About us_t_"]'.</msg>
<status status="PASS" starttime="20230612 14:45:30.042" endtime="20230612 14:45:30.329"/>
</kw>
<kw name="Wait Until Page Contains Element" library="SeleniumLibrary">
<arg>//h2[text()="deriv life"]</arg>
<arg>30</arg>
<doc>Waits until the element ``locator`` appears on the current page.</doc>
<status status="PASS" starttime="20230612 14:45:30.329" endtime="20230612 14:45:30.339"/>
</kw>
<status status="PASS" starttime="20230612 14:45:30.042" endtime="20230612 14:45:30.339"/>
</kw>
<kw name="Click Element" library="SeleniumLibrary">
<arg>${deriv_life}</arg>
<doc>Click the element identified by ``locator``.</doc>
<msg timestamp="20230612 14:45:30.339" level="INFO">Clicking element '//h2[text()="deriv life"]//parent::div'.</msg>
<status status="PASS" starttime="20230612 14:45:30.339" endtime="20230612 14:45:30.388"/>
</kw>
<kw name="Switch Window" library="SeleniumLibrary">
<arg>title=Deriv Life</arg>
<doc>Switches to browser window matching ``locator``.</doc>
<status status="PASS" starttime="20230612 14:45:30.389" endtime="20230612 14:45:32.337"/>
</kw>
<kw name="Page Should Contain" library="SeleniumLibrary">
<arg>Making an impact that matters</arg>
<doc>Verifies that current page contains ``text``.</doc>
<msg timestamp="20230612 14:45:32.348" level="INFO">Current page contains text 'Making an impact that matters'.</msg>
<status status="PASS" starttime="20230612 14:45:32.337" endtime="20230612 14:45:32.348"/>
</kw>
<status status="PASS" starttime="20230612 14:45:30.042" endtime="20230612 14:45:32.349"/>
</test>
<test id="s1-t3" name="Check Social Networks" line="61">
<kw name="Switch Window" library="SeleniumLibrary">
<arg>Online trading platform | Forex, commodities, synthetic indices, stocks, and stock indices | Deriv</arg>
<doc>Switches to browser window matching ``locator``.</doc>
<status status="PASS" starttime="20230612 14:45:32.350" endtime="20230612 14:45:32.363"/>
</kw>
<kw name="Scroll Element Into View" library="SeleniumLibrary">
<arg>//footer</arg>
<doc>Scrolls the element identified by ``locator`` into view.</doc>
<status status="PASS" starttime="20230612 14:45:32.363" endtime="20230612 14:45:32.632"/>
</kw>
<kw name="Page Should Contain Element" library="SeleniumLibrary">
<arg>${youtube}</arg>
<doc>Verifies that element ``locator`` is found on the current page.</doc>
<msg timestamp="20230612 14:45:32.643" level="INFO">Current page contains element '//a[@href="https://www.youtube.com/@deriv"]'.</msg>
<status status="PASS" starttime="20230612 14:45:32.632" endtime="20230612 14:45:32.643"/>
</kw>
<kw name="Page Should Contain Element" library="SeleniumLibrary">
<arg>${telegram}</arg>
<doc>Verifies that element ``locator`` is found on the current page.</doc>
<msg timestamp="20230612 14:45:32.656" level="INFO">Current page contains element '//a[@href="https://t.me/derivdotcomofficial"]'.</msg>
<status status="PASS" starttime="20230612 14:45:32.643" endtime="20230612 14:45:32.656"/>
</kw>
<kw name="Page Should Contain Element" library="SeleniumLibrary">
<arg>${facebook}</arg>
<doc>Verifies that element ``locator`` is found on the current page.</doc>
<msg timestamp="20230612 14:45:32.665" level="INFO">Current page contains element '//a[@href="https://www.facebook.com/derivdotcom"]'.</msg>
<status status="PASS" starttime="20230612 14:45:32.656" endtime="20230612 14:45:32.665"/>
</kw>
<kw name="Page Should Contain Element" library="SeleniumLibrary">
<arg>${twitter}</arg>
<doc>Verifies that element ``locator`` is found on the current page.</doc>
<msg timestamp="20230612 14:45:32.676" level="INFO">Current page contains element '//a[@href="https://twitter.com/derivdotcom/"]'.</msg>
<status status="PASS" starttime="20230612 14:45:32.665" endtime="20230612 14:45:32.676"/>
</kw>
<kw name="Page Should Contain Element" library="SeleniumLibrary">
<arg>${instagram}</arg>
<doc>Verifies that element ``locator`` is found on the current page.</doc>
<msg timestamp="20230612 14:45:32.692" level="INFO">Current page contains element '//a[@href="https://www.instagram.com/deriv_official/"]'.</msg>
<status status="PASS" starttime="20230612 14:45:32.676" endtime="20230612 14:45:32.692"/>
</kw>
<kw name="Page Should Contain Element" library="SeleniumLibrary">
<arg>${linkedin}</arg>
<doc>Verifies that element ``locator`` is found on the current page.</doc>
<msg timestamp="20230612 14:45:32.703" level="INFO">Current page contains element '//a[@href="https://www.linkedin.com/company/derivdotcom/"]'.</msg>
<status status="PASS" starttime="20230612 14:45:32.693" endtime="20230612 14:45:32.704"/>
</kw>
<status status="PASS" starttime="20230612 14:45:32.350" endtime="20230612 14:45:32.704"/>
</test>
<test id="s1-t4" name="Swap Calculator" line="73">
<kw name="Go To Swap Calculator">
<kw name="Chrome Headless">
<kw name="Set Chrome Options">
<var>${chrome_options}</var>
<doc>Set Chrome options for headless mode</doc>
<kw name="Evaluate" library="BuiltIn">
<var>${options}</var>
<arg>sys.modules['selenium.webdriver'].ChromeOptions()</arg>
<arg>sys, selenium.webdriver</arg>
<doc>Evaluates the given expression in Python and returns the result.</doc>
<msg timestamp="20230612 14:45:32.708" level="INFO">${options} = &lt;selenium.webdriver.chrome.options.Options object at 0x7f827c477d90&gt;</msg>
<status status="PASS" starttime="20230612 14:45:32.708" endtime="20230612 14:45:32.708"/>
</kw>
<for flavor="IN">
<var>${option}</var>
<value>@{chrome_arguments}</value>
<iter>
<var name="${option}">--disable-infobars</var>
<kw name="Call Method" library="BuiltIn">
<arg>${options}</arg>
<arg>add_argument</arg>
<arg>${option}</arg>
<doc>Calls the named method of the given object with the provided arguments.</doc>
<status status="PASS" starttime="20230612 14:45:32.709" endtime="20230612 14:45:32.709"/>
</kw>
<status status="PASS" starttime="20230612 14:45:32.709" endtime="20230612 14:45:32.709"/>
</iter>
<iter>
<var name="${option}">--headless</var>
<kw name="Call Method" library="BuiltIn">
<arg>${options}</arg>
<arg>add_argument</arg>
<arg>${option}</arg>
<doc>Calls the named method of the given object with the provided arguments.</doc>
<status status="PASS" starttime="20230612 14:45:32.709" endtime="20230612 14:45:32.709"/>
</kw>
<status status="PASS" starttime="20230612 14:45:32.709" endtime="20230612 14:45:32.709"/>
</iter>
<iter>
<var name="${option}">--disable-gpu</var>
<kw name="Call Method" library="BuiltIn">
<arg>${options}</arg>
<arg>add_argument</arg>
<arg>${option}</arg>
<doc>Calls the named method of the given object with the provided arguments.</doc>
<status status="PASS" starttime="20230612 14:45:32.709" endtime="20230612 14:45:32.710"/>
</kw>
<status status="PASS" starttime="20230612 14:45:32.709" endtime="20230612 14:45:32.710"/>
</iter>
<iter>
<var name="${option}">--window-size=1280,1024</var>
<kw name="Call Method" library="BuiltIn">
<arg>${options}</arg>
<arg>add_argument</arg>
<arg>${option}</arg>
<doc>Calls the named method of the given object with the provided arguments.</doc>
<status status="PASS" starttime="20230612 14:45:32.710" endtime="20230612 14:45:32.710"/>
</kw>
<status status="PASS" starttime="20230612 14:45:32.710" endtime="20230612 14:45:32.710"/>
</iter>
<status status="PASS" starttime="20230612 14:45:32.708" endtime="20230612 14:45:32.710"/>
</for>
<return>
<value>${options}</value>
<status status="PASS" starttime="20230612 14:45:32.710" endtime="20230612 14:45:32.710"/>
</return>
<msg timestamp="20230612 14:45:32.710" level="INFO">${chrome_options} = &lt;selenium.webdriver.chrome.options.Options object at 0x7f827c477d90&gt;</msg>
<status status="PASS" starttime="20230612 14:45:32.708" endtime="20230612 14:45:32.710"/>
</kw>
<kw name="Create Webdriver" library="SeleniumLibrary">
<arg>Chrome</arg>
<arg>chrome_options=${chrome_options}</arg>
<doc>Creates an instance of Selenium WebDriver.</doc>
<msg timestamp="20230612 14:45:32.711" level="INFO">Creating an instance of the Chrome WebDriver.</msg>
<status status="PASS" starttime="20230612 14:45:32.710" endtime="20230612 14:45:33.283"/>
</kw>
<status status="PASS" starttime="20230612 14:45:32.707" endtime="20230612 14:45:33.283"/>
</kw>
<kw name="Go To" library="SeleniumLibrary">
<arg>${swap_calculator}</arg>
<doc>Navigates the current browser window to the provided ``url``.</doc>
<msg timestamp="20230612 14:45:33.283" level="INFO">Opening url 'https://deriv.com/trader-tools/swap-calculator/'</msg>
<status status="PASS" starttime="20230612 14:45:33.283" endtime="20230612 14:45:34.835"/>
</kw>
<kw name="Set Window Size" library="SeleniumLibrary">
<arg>1300</arg>
<arg>800</arg>
<doc>Sets current windows size to given ``width`` and ``height``.</doc>
<status status="PASS" starttime="20230612 14:45:34.835" endtime="20230612 14:45:34.938"/>
</kw>
<kw name="Wait Until Page Contains Element" library="SeleniumLibrary">
<arg>//h1[text()="Swap Calculator"]</arg>
<doc>Waits until the element ``locator`` appears on the current page.</doc>
<status status="PASS" starttime="20230612 14:45:34.938" endtime="20230612 14:45:34.946"/>
</kw>
<status status="PASS" starttime="20230612 14:45:32.707" endtime="20230612 14:45:34.946"/>
</kw>
<kw name="Scroll Element Into View" library="SeleniumLibrary">
<arg>${calculator_table}</arg>
<doc>Scrolls the element identified by ``locator`` into view.</doc>
<status status="PASS" starttime="20230612 14:45:34.947" endtime="20230612 14:45:35.216"/>
</kw>
<kw name="Switch To Financial">
<kw name="Click Element" library="SeleniumLibrary">
<arg>//p[contains(@class,"typography__Text") and text()="Financial"]</arg>
<doc>Click the element identified by ``locator``.</doc>
<msg timestamp="20230612 14:45:35.217" level="INFO">Clicking element '//p[contains(@class,"typography__Text") and text()="Financial"]'.</msg>
<status status="PASS" starttime="20230612 14:45:35.217" endtime="20230612 14:45:35.320"/>
</kw>
<status status="PASS" starttime="20230612 14:45:35.217" endtime="20230612 14:45:35.320"/>
</kw>
<kw name="Select Symbol">
<kw name="Click Element" library="SeleniumLibrary">
<arg>${symbol}</arg>
<doc>Click the element identified by ``locator``.</doc>
<msg timestamp="20230612 14:45:35.321" level="INFO">Clicking element '//ul[@id="symbol"]'.</msg>
<status status="PASS" starttime="20230612 14:45:35.320" endtime="20230612 14:45:35.380"/>
</kw>
<kw name="Click Element" library="SeleniumLibrary">
<arg>id:AUDUSD</arg>
<doc>Click the element identified by ``locator``.</doc>
<msg timestamp="20230612 14:45:35.380" level="INFO">Clicking element 'id:AUDUSD'.</msg>
<status status="PASS" starttime="20230612 14:45:35.380" endtime="20230612 14:45:35.475"/>
</kw>
<status status="PASS" starttime="20230612 14:45:35.320" endtime="20230612 14:45:35.475"/>
</kw>
<kw name="Fill Form">
<arg>id:volume</arg>
<arg>100</arg>
<kw name="Click Element" library="SeleniumLibrary">
<arg>${field}</arg>
<doc>Click the element identified by ``locator``.</doc>
<msg timestamp="20230612 14:45:35.476" level="INFO">Clicking element 'id:volume'.</msg>
<status status="PASS" starttime="20230612 14:45:35.475" endtime="20230612 14:45:35.528"/>
</kw>
<kw name="Input Text" library="SeleniumLibrary">
<arg>${field}</arg>
<arg>${value}</arg>
<doc>Types the given ``text`` into the text field identified by ``locator``.</doc>
<msg timestamp="20230612 14:45:35.528" level="INFO">Typing text '100' into text field 'id:volume'.</msg>
<status status="PASS" starttime="20230612 14:45:35.528" endtime="20230612 14:45:35.598"/>
</kw>
<status status="PASS" starttime="20230612 14:45:35.475" endtime="20230612 14:45:35.598"/>
</kw>
<kw name="Fill Form">
<arg>id:pointValue</arg>
<arg>10</arg>
<kw name="Click Element" library="SeleniumLibrary">
<arg>${field}</arg>
<doc>Click the element identified by ``locator``.</doc>
<msg timestamp="20230612 14:45:35.599" level="INFO">Clicking element 'id:pointValue'.</msg>
<status status="PASS" starttime="20230612 14:45:35.599" endtime="20230612 14:45:35.641"/>
</kw>
<kw name="Input Text" library="SeleniumLibrary">
<arg>${field}</arg>
<arg>${value}</arg>
<doc>Types the given ``text`` into the text field identified by ``locator``.</doc>
<msg timestamp="20230612 14:45:35.642" level="INFO">Typing text '10' into text field 'id:pointValue'.</msg>
<status status="PASS" starttime="20230612 14:45:35.642" endtime="20230612 14:45:35.693"/>
</kw>
<status status="PASS" starttime="20230612 14:45:35.598" endtime="20230612 14:45:35.694"/>
</kw>
<kw name="Fill Form">
<arg>id:swapRate</arg>
<arg>0.5</arg>
<kw name="Click Element" library="SeleniumLibrary">
<arg>${field}</arg>
<doc>Click the element identified by ``locator``.</doc>
<msg timestamp="20230612 14:45:35.695" level="INFO">Clicking element 'id:swapRate'.</msg>
<status status="PASS" starttime="20230612 14:45:35.694" endtime="20230612 14:45:35.739"/>
</kw>
<kw name="Input Text" library="SeleniumLibrary">
<arg>${field}</arg>
<arg>${value}</arg>
<doc>Types the given ``text`` into the text field identified by ``locator``.</doc>
<msg timestamp="20230612 14:45:35.740" level="INFO">Typing text '0.5' into text field 'id:swapRate'.</msg>
<status status="PASS" starttime="20230612 14:45:35.739" endtime="20230612 14:45:35.800"/>
</kw>
<status status="PASS" starttime="20230612 14:45:35.694" endtime="20230612 14:45:35.800"/>
</kw>
<kw name="Click Button" library="SeleniumLibrary">
<arg>css:[type="submit"]</arg>
<doc>Clicks the button identified by ``locator``.</doc>
<msg timestamp="20230612 14:45:35.801" level="INFO">Clicking button 'css:[type="submit"]'.</msg>
<status status="PASS" starttime="20230612 14:45:35.800" endtime="20230612 14:45:35.893"/>
</kw>
<kw name="Check Swap Charge">
<kw name="Evaluate" library="BuiltIn">
<var>${expected_swap}</var>
<arg>int(100*100000*10*0.5)</arg>
<doc>Evaluates the given expression in Python and returns the result.</doc>
<msg timestamp="20230612 14:45:35.894" level="INFO">${expected_swap} = 50000000</msg>
<status status="PASS" starttime="20230612 14:45:35.893" endtime="20230612 14:45:35.894"/>
</kw>
<kw name="Set Variable" library="BuiltIn">
<var>${int_var}</var>
<arg>${expected_swap}</arg>
<doc>Returns the given values which can then be assigned to a variables.</doc>
<msg timestamp="20230612 14:45:35.894" level="INFO">${int_var} = 50000000</msg>
<status status="PASS" starttime="20230612 14:45:35.894" endtime="20230612 14:45:35.894"/>
</kw>
<kw name="Evaluate" library="BuiltIn">
<var>${string_var}</var>
<arg>"{:,}".format($int_var)</arg>
<doc>Evaluates the given expression in Python and returns the result.</doc>
<msg timestamp="20230612 14:45:35.896" level="INFO">${string_var} = 50,000,000</msg>
<status status="PASS" starttime="20230612 14:45:35.894" endtime="20230612 14:45:35.896"/>
</kw>
<kw name="Log To Console" library="BuiltIn">
<arg>${string_var}</arg>
<doc>Logs the given message to the console.</doc>
<status status="PASS" starttime="20230612 14:45:35.897" endtime="20230612 14:45:35.897"/>
</kw>
<kw name="Should Be Equal As Strings" library="BuiltIn">
<arg>${string_var}</arg>
<arg>//*[text()="50,000,000"]</arg>
<doc>Fails if objects are unequal after converting them to strings.</doc>
<msg timestamp="20230612 14:45:35.897" level="FAIL">50,000,000 != //*[text()="50,000,000"]</msg>
<status status="FAIL" starttime="20230612 14:45:35.897" endtime="20230612 14:45:35.897"/>
</kw>
<status status="FAIL" starttime="20230612 14:45:35.893" endtime="20230612 14:45:35.897"/>
</kw>
<status status="FAIL" starttime="20230612 14:45:32.707" endtime="20230612 14:45:35.898">50,000,000 != //*[text()="50,000,000"]</status>
</test>
<status status="FAIL" starttime="20230612 14:45:26.947" endtime="20230612 14:45:35.898"/>
</suite>
<statistics>
<total>
<stat pass="3" fail="1" skip="0">All Tests</stat>
</total>
<tag>
</tag>
<suite>
<stat pass="3" fail="1" skip="0" id="s1" name="Test">Test</stat>
</suite>
</statistics>
<errors>
</errors>
</robot>
